<?xml version="1.0" encoding="UTF-8"?>
<testsuite name="ClientTest" tests="7" skipped="0" failures="0" errors="0" timestamp="2016-09-23T21:53:42" hostname="epicodus-11.local" time="0.213">
  <properties/>
  <testcase name="find_returnsClientWithSameId_newClient2" classname="ClientTest" time="0.123"/>
  <testcase name="equals_returnTrueIfClientsAreTheSame" classname="ClientTest" time="0.005"/>
  <testcase name="getId_ClientsInstantiateWithId" classname="ClientTest" time="0.011"/>
  <testcase name="all_returnsAllInstancesOfClient_true" classname="ClientTest" time="0.026"/>
  <testcase name="save_assignsIdToObject" classname="ClientTest" time="0.015"/>
  <testcase name="delete_removesClientsFromDatabase_true" classname="ClientTest" time="0.019"/>
  <testcase name="save_returnTrueIfClientsAreTheSame" classname="ClientTest" time="0.014"/>
  <system-out><![CDATA[]]></system-out>
  <system-err><![CDATA[]]></system-err>
</testsuite>
