<?xml version="1.0" encoding="UTF-8"?>
<testsuite name="StylistTest" tests="10" skipped="0" failures="0" errors="0" timestamp="2016-10-03T17:25:52" hostname="epicodus-108.local" time="0.171">
  <properties/>
  <testcase name="all_returnsAllInstancesOfStylist_true" classname="StylistTest" time="0.023"/>
  <testcase name="find_returnsStylistWithSameId_newStylist2" classname="StylistTest" time="0.022"/>
  <testcase name="update_changesInfoToNewValue_true" classname="StylistTest" time="0.013"/>
  <testcase name="equals_returnsTrueIfNamesAreTheSame" classname="StylistTest" time="0.004"/>
  <testcase name="delete_removesStylistsFromDatabase_true" classname="StylistTest" time="0.017"/>
  <testcase name="deleteClients_removesClientsFromStylist_true" classname="StylistTest" time="0.029"/>
  <testcase name="save_assignsIdToObject" classname="StylistTest" time="0.013"/>
  <testcase name="getId_StylistsInstantiateWithId" classname="StylistTest" time="0.008"/>
  <testcase name="getClients_returnsClients_List" classname="StylistTest" time="0.026"/>
  <testcase name="save_returnsSavedStylist_true" classname="StylistTest" time="0.013"/>
  <system-out><![CDATA[]]></system-out>
  <system-err><![CDATA[]]></system-err>
</testsuite>
