<?xml version="1.0" encoding="UTF-8"?>
<testsuite name="StylistTest" tests="9" skipped="0" failures="0" errors="0" timestamp="2016-09-23T21:00:59" hostname="epicodus-11.local" time="0.165">
  <properties/>
  <testcase name="all_returnsAllInstancesOfStylist_true" classname="StylistTest" time="0.024"/>
  <testcase name="find_returnsStylistWithSameId_newStylist2" classname="StylistTest" time="0.021"/>
  <testcase name="equals_returnsTrueIfNamesAreTheSame" classname="StylistTest" time="0.004"/>
  <testcase name="delete_removesStylistsFromDatabase_true" classname="StylistTest" time="0.017"/>
  <testcase name="deleteClients_removesClientsFromStylist_true" classname="StylistTest" time="0.031"/>
  <testcase name="save_assignsIdToObject" classname="StylistTest" time="0.017"/>
  <testcase name="getId_StylistsInstantiateWithId" classname="StylistTest" time="0.01"/>
  <testcase name="getClients_returnsClients_List" classname="StylistTest" time="0.023"/>
  <testcase name="save_returnsSavedStylist_true" classname="StylistTest" time="0.015"/>
  <system-out><![CDATA[]]></system-out>
  <system-err><![CDATA[]]></system-err>
</testsuite>
