<?xml version="1.0" encoding="UTF-8"?>
<testsuite name="StylistTest" tests="10" skipped="0" failures="0" errors="0" timestamp="2016-09-23T21:53:42" hostname="epicodus-11.local" time="0.207">
  <properties/>
  <testcase name="all_returnsAllInstancesOfStylist_true" classname="StylistTest" time="0.023"/>
  <testcase name="find_returnsStylistWithSameId_newStylist2" classname="StylistTest" time="0.023"/>
  <testcase name="update_changesInfoToNewValue_true" classname="StylistTest" time="0.016"/>
  <testcase name="equals_returnsTrueIfNamesAreTheSame" classname="StylistTest" time="0.005"/>
  <testcase name="delete_removesStylistsFromDatabase_true" classname="StylistTest" time="0.018"/>
  <testcase name="deleteClients_removesClientsFromStylist_true" classname="StylistTest" time="0.04"/>
  <testcase name="save_assignsIdToObject" classname="StylistTest" time="0.013"/>
  <testcase name="getId_StylistsInstantiateWithId" classname="StylistTest" time="0.01"/>
  <testcase name="getClients_returnsClients_List" classname="StylistTest" time="0.045"/>
  <testcase name="save_returnsSavedStylist_true" classname="StylistTest" time="0.013"/>
  <system-out><![CDATA[]]></system-out>
  <system-err><![CDATA[]]></system-err>
</testsuite>
